[07-Jan-2025 19:25:41 UTC] PHP Warning:  Undefined array key "path" in C:\repos\f3-page\wp\wp-includes\class-wp-customize-manager.php on line 1998
[07-Jan-2025 19:25:41 UTC] PHP Deprecated:  str_starts_with(): Passing null to parameter #1 ($haystack) of type string is deprecated in C:\repos\f3-page\wp\wp-includes\class-wp-customize-manager.php on line 1998
[07-Jan-2025 19:25:45 UTC] PHP Warning:  Undefined array key "path" in C:\repos\f3-page\wp\wp-includes\class-wp-customize-manager.php on line 1998
[07-Jan-2025 19:25:45 UTC] PHP Deprecated:  str_starts_with(): Passing null to parameter #1 ($haystack) of type string is deprecated in C:\repos\f3-page\wp\wp-includes\class-wp-customize-manager.php on line 1998
[07-Jan-2025 21:48:47 UTC] PHP Warning:  include(C:\repos\f3-page\wp/wp-content/themes/f3-page./index/section-join-us.php): Failed to open stream: Permission denied in C:\repos\f3-page\wp\wp-content\themes\f3-page\index.php on line 14
[07-Jan-2025 21:48:47 UTC] PHP Warning:  include(): Failed opening 'C:\repos\f3-page\wp/wp-content/themes/f3-page./index/section-join-us.php' for inclusion (include_path='C:\xampp\php\PEAR') in C:\repos\f3-page\wp\wp-content\themes\f3-page\index.php on line 14
[07-Jan-2025 21:48:47 UTC] PHP Warning:  include(C:\repos\f3-page\wp/wp-content/themes/f3-page./index/section-opinions.php): Failed to open stream: Permission denied in C:\repos\f3-page\wp\wp-content\themes\f3-page\index.php on line 17
[07-Jan-2025 21:48:47 UTC] PHP Warning:  include(): Failed opening 'C:\repos\f3-page\wp/wp-content/themes/f3-page./index/section-opinions.php' for inclusion (include_path='C:\xampp\php\PEAR') in C:\repos\f3-page\wp\wp-content\themes\f3-page\index.php on line 17
[07-Jan-2025 21:48:47 UTC] PHP Warning:  include(C:\repos\f3-page\wp/wp-content/themes/f3-page./index/section-news.php): Failed to open stream: Permission denied in C:\repos\f3-page\wp\wp-content\themes\f3-page\index.php on line 20
[07-Jan-2025 21:48:47 UTC] PHP Warning:  include(): Failed opening 'C:\repos\f3-page\wp/wp-content/themes/f3-page./index/section-news.php' for inclusion (include_path='C:\xampp\php\PEAR') in C:\repos\f3-page\wp\wp-content\themes\f3-page\index.php on line 20
[07-Jan-2025 21:48:47 UTC] PHP Warning:  include(C:\repos\f3-page\wp/wp-content/themes/f3-page./index/section-structures.php): Failed to open stream: Permission denied in C:\repos\f3-page\wp\wp-content\themes\f3-page\index.php on line 23
[07-Jan-2025 21:48:47 UTC] PHP Warning:  include(): Failed opening 'C:\repos\f3-page\wp/wp-content/themes/f3-page./index/section-structures.php' for inclusion (include_path='C:\xampp\php\PEAR') in C:\repos\f3-page\wp\wp-content\themes\f3-page\index.php on line 23
[07-Jan-2025 21:48:47 UTC] PHP Warning:  include(C:\repos\f3-page\wp/wp-content/themes/f3-page./index/section-support.php): Failed to open stream: Permission denied in C:\repos\f3-page\wp\wp-content\themes\f3-page\index.php on line 26
[07-Jan-2025 21:48:47 UTC] PHP Warning:  include(): Failed opening 'C:\repos\f3-page\wp/wp-content/themes/f3-page./index/section-support.php' for inclusion (include_path='C:\xampp\php\PEAR') in C:\repos\f3-page\wp\wp-content\themes\f3-page\index.php on line 26
[07-Jan-2025 22:03:49 UTC] PHP Warning:  Undefined array key "path" in C:\repos\f3-page\wp\wp-includes\class-wp-customize-manager.php on line 1998
[07-Jan-2025 22:03:49 UTC] PHP Deprecated:  str_starts_with(): Passing null to parameter #1 ($haystack) of type string is deprecated in C:\repos\f3-page\wp\wp-includes\class-wp-customize-manager.php on line 1998
[07-Jan-2025 22:07:27 UTC] PHP Warning:  Attempt to read property "title" on null in C:\repos\f3-page\wp\wp-includes\class-wp-customize-widgets.php on line 923
[07-Jan-2025 22:07:28 UTC] PHP Warning:  Undefined variable $wp_customize in C:\repos\f3-page\wp\wp-content\themes\f3-page\inc\global\customizer.php on line 9
[07-Jan-2025 22:07:28 UTC] PHP Fatal error:  Uncaught Error: Call to a member function add_setting() on null in C:\repos\f3-page\wp\wp-content\themes\f3-page\inc\global\customizer.php:9
Stack trace:
#0 C:\repos\f3-page\wp\wp-content\themes\f3-page\functions.php(6): require_once()
#1 C:\repos\f3-page\wp\wp-settings.php(672): include('C:\\repos\\f3-pag...')
#2 C:\repos\f3-page\wp\wp-config.php(104): require_once('C:\\repos\\f3-pag...')
#3 C:\repos\f3-page\wp\wp-load.php(50): require_once('C:\\repos\\f3-pag...')
#4 C:\repos\f3-page\wp\wp-blog-header.php(13): require_once('C:\\repos\\f3-pag...')
#5 C:\repos\f3-page\wp\index.php(17): require('C:\\repos\\f3-pag...')
#6 {main}
  thrown in C:\repos\f3-page\wp\wp-content\themes\f3-page\inc\global\customizer.php on line 9
[07-Jan-2025 22:07:28 UTC] PHP Warning:  Undefined variable $wp_customize in C:\repos\f3-page\wp\wp-content\themes\f3-page\inc\global\customizer.php on line 9
[07-Jan-2025 22:07:28 UTC] PHP Fatal error:  Uncaught Error: Call to a member function add_setting() on null in C:\repos\f3-page\wp\wp-content\themes\f3-page\inc\global\customizer.php:9
Stack trace:
#0 C:\repos\f3-page\wp\wp-content\themes\f3-page\functions.php(6): require_once()
#1 C:\repos\f3-page\wp\wp-settings.php(672): include('C:\\repos\\f3-pag...')
#2 C:\repos\f3-page\wp\wp-config.php(104): require_once('C:\\repos\\f3-pag...')
#3 C:\repos\f3-page\wp\wp-load.php(50): require_once('C:\\repos\\f3-pag...')
#4 C:\repos\f3-page\wp\wp-blog-header.php(13): require_once('C:\\repos\\f3-pag...')
#5 C:\repos\f3-page\wp\index.php(17): require('C:\\repos\\f3-pag...')
#6 {main}
  thrown in C:\repos\f3-page\wp\wp-content\themes\f3-page\inc\global\customizer.php on line 9
[07-Jan-2025 22:07:28 UTC] PHP Warning:  Undefined variable $wp_customize in C:\repos\f3-page\wp\wp-content\themes\f3-page\inc\global\customizer.php on line 9
[07-Jan-2025 22:07:28 UTC] PHP Fatal error:  Uncaught Error: Call to a member function add_setting() on null in C:\repos\f3-page\wp\wp-content\themes\f3-page\inc\global\customizer.php:9
Stack trace:
#0 C:\repos\f3-page\wp\wp-content\themes\f3-page\functions.php(6): require_once()
#1 C:\repos\f3-page\wp\wp-settings.php(672): include('C:\\repos\\f3-pag...')
#2 C:\repos\f3-page\wp\wp-config.php(104): require_once('C:\\repos\\f3-pag...')
#3 C:\repos\f3-page\wp\wp-load.php(50): require_once('C:\\repos\\f3-pag...')
#4 C:\repos\f3-page\wp\wp-blog-header.php(13): require_once('C:\\repos\\f3-pag...')
#5 C:\repos\f3-page\wp\index.php(17): require('C:\\repos\\f3-pag...')
#6 {main}
  thrown in C:\repos\f3-page\wp\wp-content\themes\f3-page\inc\global\customizer.php on line 9
[07-Jan-2025 22:07:28 UTC] PHP Warning:  Undefined variable $wp_customize in C:\repos\f3-page\wp\wp-content\themes\f3-page\inc\global\customizer.php on line 9
[07-Jan-2025 22:07:28 UTC] PHP Fatal error:  Uncaught Error: Call to a member function add_setting() on null in C:\repos\f3-page\wp\wp-content\themes\f3-page\inc\global\customizer.php:9
Stack trace:
#0 C:\repos\f3-page\wp\wp-content\themes\f3-page\functions.php(6): require_once()
#1 C:\repos\f3-page\wp\wp-settings.php(672): include('C:\\repos\\f3-pag...')
#2 C:\repos\f3-page\wp\wp-config.php(104): require_once('C:\\repos\\f3-pag...')
#3 C:\repos\f3-page\wp\wp-load.php(50): require_once('C:\\repos\\f3-pag...')
#4 C:\repos\f3-page\wp\wp-blog-header.php(13): require_once('C:\\repos\\f3-pag...')
#5 C:\repos\f3-page\wp\index.php(17): require('C:\\repos\\f3-pag...')
#6 {main}
  thrown in C:\repos\f3-page\wp\wp-content\themes\f3-page\inc\global\customizer.php on line 9
[07-Jan-2025 22:07:29 UTC] PHP Warning:  Undefined variable $wp_customize in C:\repos\f3-page\wp\wp-content\themes\f3-page\inc\global\customizer.php on line 9
[07-Jan-2025 22:07:29 UTC] PHP Fatal error:  Uncaught Error: Call to a member function add_setting() on null in C:\repos\f3-page\wp\wp-content\themes\f3-page\inc\global\customizer.php:9
Stack trace:
#0 C:\repos\f3-page\wp\wp-content\themes\f3-page\functions.php(6): require_once()
#1 C:\repos\f3-page\wp\wp-settings.php(672): include('C:\\repos\\f3-pag...')
#2 C:\repos\f3-page\wp\wp-config.php(104): require_once('C:\\repos\\f3-pag...')
#3 C:\repos\f3-page\wp\wp-load.php(50): require_once('C:\\repos\\f3-pag...')
#4 C:\repos\f3-page\wp\wp-blog-header.php(13): require_once('C:\\repos\\f3-pag...')
#5 C:\repos\f3-page\wp\index.php(17): require('C:\\repos\\f3-pag...')
#6 {main}
  thrown in C:\repos\f3-page\wp\wp-content\themes\f3-page\inc\global\customizer.php on line 9
[07-Jan-2025 22:07:29 UTC] PHP Warning:  Undefined variable $wp_customize in C:\repos\f3-page\wp\wp-content\themes\f3-page\inc\global\customizer.php on line 9
[07-Jan-2025 22:07:29 UTC] PHP Fatal error:  Uncaught Error: Call to a member function add_setting() on null in C:\repos\f3-page\wp\wp-content\themes\f3-page\inc\global\customizer.php:9
Stack trace:
#0 C:\repos\f3-page\wp\wp-content\themes\f3-page\functions.php(6): require_once()
#1 C:\repos\f3-page\wp\wp-settings.php(672): include('C:\\repos\\f3-pag...')
#2 C:\repos\f3-page\wp\wp-config.php(104): require_once('C:\\repos\\f3-pag...')
#3 C:\repos\f3-page\wp\wp-load.php(50): require_once('C:\\repos\\f3-pag...')
#4 C:\repos\f3-page\wp\wp-blog-header.php(13): require_once('C:\\repos\\f3-pag...')
#5 C:\repos\f3-page\wp\index.php(17): require('C:\\repos\\f3-pag...')
#6 {main}
  thrown in C:\repos\f3-page\wp\wp-content\themes\f3-page\inc\global\customizer.php on line 9
[07-Jan-2025 22:07:29 UTC] PHP Warning:  Undefined variable $wp_customize in C:\repos\f3-page\wp\wp-content\themes\f3-page\inc\global\customizer.php on line 9
[07-Jan-2025 22:07:29 UTC] PHP Warning:  Undefined variable $wp_customize in C:\repos\f3-page\wp\wp-content\themes\f3-page\inc\global\customizer.php on line 9
[07-Jan-2025 22:07:29 UTC] PHP Fatal error:  Uncaught Error: Call to a member function add_setting() on null in C:\repos\f3-page\wp\wp-content\themes\f3-page\inc\global\customizer.php:9
Stack trace:
#0 C:\repos\f3-page\wp\wp-content\themes\f3-page\functions.php(6): require_once()
#1 C:\repos\f3-page\wp\wp-settings.php(672): include('C:\\repos\\f3-pag...')
#2 C:\repos\f3-page\wp\wp-config.php(104): require_once('C:\\repos\\f3-pag...')
#3 C:\repos\f3-page\wp\wp-load.php(50): require_once('C:\\repos\\f3-pag...')
#4 C:\repos\f3-page\wp\wp-blog-header.php(13): require_once('C:\\repos\\f3-pag...')
#5 C:\repos\f3-page\wp\index.php(17): require('C:\\repos\\f3-pag...')
#6 {main}
  thrown in C:\repos\f3-page\wp\wp-content\themes\f3-page\inc\global\customizer.php on line 9
[07-Jan-2025 22:07:29 UTC] PHP Fatal error:  Uncaught Error: Call to a member function add_setting() on null in C:\repos\f3-page\wp\wp-content\themes\f3-page\inc\global\customizer.php:9
Stack trace:
#0 C:\repos\f3-page\wp\wp-content\themes\f3-page\functions.php(6): require_once()
#1 C:\repos\f3-page\wp\wp-settings.php(672): include('C:\\repos\\f3-pag...')
#2 C:\repos\f3-page\wp\wp-config.php(104): require_once('C:\\repos\\f3-pag...')
#3 C:\repos\f3-page\wp\wp-load.php(50): require_once('C:\\repos\\f3-pag...')
#4 C:\repos\f3-page\wp\wp-blog-header.php(13): require_once('C:\\repos\\f3-pag...')
#5 C:\repos\f3-page\wp\index.php(17): require('C:\\repos\\f3-pag...')
#6 {main}
  thrown in C:\repos\f3-page\wp\wp-content\themes\f3-page\inc\global\customizer.php on line 9
[07-Jan-2025 22:07:29 UTC] PHP Warning:  Undefined variable $wp_customize in C:\repos\f3-page\wp\wp-content\themes\f3-page\inc\global\customizer.php on line 9
[07-Jan-2025 22:07:29 UTC] PHP Fatal error:  Uncaught Error: Call to a member function add_setting() on null in C:\repos\f3-page\wp\wp-content\themes\f3-page\inc\global\customizer.php:9
Stack trace:
#0 C:\repos\f3-page\wp\wp-content\themes\f3-page\functions.php(6): require_once()
#1 C:\repos\f3-page\wp\wp-settings.php(672): include('C:\\repos\\f3-pag...')
#2 C:\repos\f3-page\wp\wp-config.php(104): require_once('C:\\repos\\f3-pag...')
#3 C:\repos\f3-page\wp\wp-load.php(50): require_once('C:\\repos\\f3-pag...')
#4 C:\repos\f3-page\wp\wp-blog-header.php(13): require_once('C:\\repos\\f3-pag...')
#5 C:\repos\f3-page\wp\index.php(17): require('C:\\repos\\f3-pag...')
#6 {main}
  thrown in C:\repos\f3-page\wp\wp-content\themes\f3-page\inc\global\customizer.php on line 9
[07-Jan-2025 22:07:30 UTC] PHP Warning:  Undefined variable $wp_customize in C:\repos\f3-page\wp\wp-content\themes\f3-page\inc\global\customizer.php on line 9
[07-Jan-2025 22:07:30 UTC] PHP Fatal error:  Uncaught Error: Call to a member function add_setting() on null in C:\repos\f3-page\wp\wp-content\themes\f3-page\inc\global\customizer.php:9
Stack trace:
#0 C:\repos\f3-page\wp\wp-content\themes\f3-page\functions.php(6): require_once()
#1 C:\repos\f3-page\wp\wp-settings.php(672): include('C:\\repos\\f3-pag...')
#2 C:\repos\f3-page\wp\wp-config.php(104): require_once('C:\\repos\\f3-pag...')
#3 C:\repos\f3-page\wp\wp-load.php(50): require_once('C:\\repos\\f3-pag...')
#4 C:\repos\f3-page\wp\wp-blog-header.php(13): require_once('C:\\repos\\f3-pag...')
#5 C:\repos\f3-page\wp\index.php(17): require('C:\\repos\\f3-pag...')
#6 {main}
  thrown in C:\repos\f3-page\wp\wp-content\themes\f3-page\inc\global\customizer.php on line 9
[07-Jan-2025 22:13:58 UTC] PHP Warning:  Undefined variable $wp_customize in C:\repos\f3-page\wp\wp-content\themes\f3-page\inc\global\customizer.php on line 9
[07-Jan-2025 22:13:58 UTC] PHP Fatal error:  Uncaught Error: Call to a member function add_setting() on null in C:\repos\f3-page\wp\wp-content\themes\f3-page\inc\global\customizer.php:9
Stack trace:
#0 C:\repos\f3-page\wp\wp-content\themes\f3-page\functions.php(6): require_once()
#1 C:\repos\f3-page\wp\wp-settings.php(672): include('C:\\repos\\f3-pag...')
#2 C:\repos\f3-page\wp\wp-config.php(104): require_once('C:\\repos\\f3-pag...')
#3 C:\repos\f3-page\wp\wp-load.php(50): require_once('C:\\repos\\f3-pag...')
#4 C:\repos\f3-page\wp\wp-blog-header.php(13): require_once('C:\\repos\\f3-pag...')
#5 C:\repos\f3-page\wp\index.php(17): require('C:\\repos\\f3-pag...')
#6 {main}
  thrown in C:\repos\f3-page\wp\wp-content\themes\f3-page\inc\global\customizer.php on line 9
[07-Jan-2025 22:13:58 UTC] PHP Warning:  Undefined variable $wp_customize in C:\repos\f3-page\wp\wp-content\themes\f3-page\inc\global\customizer.php on line 9
[07-Jan-2025 22:13:58 UTC] PHP Fatal error:  Uncaught Error: Call to a member function add_setting() on null in C:\repos\f3-page\wp\wp-content\themes\f3-page\inc\global\customizer.php:9
Stack trace:
#0 C:\repos\f3-page\wp\wp-content\themes\f3-page\functions.php(6): require_once()
#1 C:\repos\f3-page\wp\wp-settings.php(672): include('C:\\repos\\f3-pag...')
#2 C:\repos\f3-page\wp\wp-config.php(104): require_once('C:\\repos\\f3-pag...')
#3 C:\repos\f3-page\wp\wp-load.php(50): require_once('C:\\repos\\f3-pag...')
#4 C:\repos\f3-page\wp\wp-blog-header.php(13): require_once('C:\\repos\\f3-pag...')
#5 C:\repos\f3-page\wp\index.php(17): require('C:\\repos\\f3-pag...')
#6 {main}
  thrown in C:\repos\f3-page\wp\wp-content\themes\f3-page\inc\global\customizer.php on line 9
[07-Jan-2025 22:13:58 UTC] PHP Warning:  Undefined variable $wp_customize in C:\repos\f3-page\wp\wp-content\themes\f3-page\inc\global\customizer.php on line 9
[07-Jan-2025 22:13:58 UTC] PHP Fatal error:  Uncaught Error: Call to a member function add_setting() on null in C:\repos\f3-page\wp\wp-content\themes\f3-page\inc\global\customizer.php:9
Stack trace:
#0 C:\repos\f3-page\wp\wp-content\themes\f3-page\functions.php(6): require_once()
#1 C:\repos\f3-page\wp\wp-settings.php(672): include('C:\\repos\\f3-pag...')
#2 C:\repos\f3-page\wp\wp-config.php(104): require_once('C:\\repos\\f3-pag...')
#3 C:\repos\f3-page\wp\wp-load.php(50): require_once('C:\\repos\\f3-pag...')
#4 C:\repos\f3-page\wp\wp-blog-header.php(13): require_once('C:\\repos\\f3-pag...')
#5 C:\repos\f3-page\wp\index.php(17): require('C:\\repos\\f3-pag...')
#6 {main}
  thrown in C:\repos\f3-page\wp\wp-content\themes\f3-page\inc\global\customizer.php on line 9
[07-Jan-2025 22:13:58 UTC] PHP Warning:  Undefined variable $wp_customize in C:\repos\f3-page\wp\wp-content\themes\f3-page\inc\global\customizer.php on line 9
[07-Jan-2025 22:13:58 UTC] PHP Fatal error:  Uncaught Error: Call to a member function add_setting() on null in C:\repos\f3-page\wp\wp-content\themes\f3-page\inc\global\customizer.php:9
Stack trace:
#0 C:\repos\f3-page\wp\wp-content\themes\f3-page\functions.php(6): require_once()
#1 C:\repos\f3-page\wp\wp-settings.php(672): include('C:\\repos\\f3-pag...')
#2 C:\repos\f3-page\wp\wp-config.php(104): require_once('C:\\repos\\f3-pag...')
#3 C:\repos\f3-page\wp\wp-load.php(50): require_once('C:\\repos\\f3-pag...')
#4 C:\repos\f3-page\wp\wp-blog-header.php(13): require_once('C:\\repos\\f3-pag...')
#5 C:\repos\f3-page\wp\index.php(17): require('C:\\repos\\f3-pag...')
#6 {main}
  thrown in C:\repos\f3-page\wp\wp-content\themes\f3-page\inc\global\customizer.php on line 9
[07-Jan-2025 22:13:58 UTC] PHP Warning:  Undefined variable $wp_customize in C:\repos\f3-page\wp\wp-content\themes\f3-page\inc\global\customizer.php on line 9
[07-Jan-2025 22:13:58 UTC] PHP Fatal error:  Uncaught Error: Call to a member function add_setting() on null in C:\repos\f3-page\wp\wp-content\themes\f3-page\inc\global\customizer.php:9
Stack trace:
#0 C:\repos\f3-page\wp\wp-content\themes\f3-page\functions.php(6): require_once()
#1 C:\repos\f3-page\wp\wp-settings.php(672): include('C:\\repos\\f3-pag...')
#2 C:\repos\f3-page\wp\wp-config.php(104): require_once('C:\\repos\\f3-pag...')
#3 C:\repos\f3-page\wp\wp-load.php(50): require_once('C:\\repos\\f3-pag...')
#4 C:\repos\f3-page\wp\wp-blog-header.php(13): require_once('C:\\repos\\f3-pag...')
#5 C:\repos\f3-page\wp\index.php(17): require('C:\\repos\\f3-pag...')
#6 {main}
  thrown in C:\repos\f3-page\wp\wp-content\themes\f3-page\inc\global\customizer.php on line 9
[07-Jan-2025 22:14:10 UTC] PHP Warning:  Undefined array key "path" in C:\repos\f3-page\wp\wp-includes\class-wp-customize-manager.php on line 1998
[07-Jan-2025 22:14:10 UTC] PHP Deprecated:  str_starts_with(): Passing null to parameter #1 ($haystack) of type string is deprecated in C:\repos\f3-page\wp\wp-includes\class-wp-customize-manager.php on line 1998
[07-Jan-2025 22:14:10 UTC] PHP Warning:  Undefined variable $wp_customize in C:\repos\f3-page\wp\wp-content\themes\f3-page\inc\global\customizer.php on line 9
[07-Jan-2025 22:14:10 UTC] PHP Fatal error:  Uncaught Error: Call to a member function add_setting() on null in C:\repos\f3-page\wp\wp-content\themes\f3-page\inc\global\customizer.php:9
Stack trace:
#0 C:\repos\f3-page\wp\wp-content\themes\f3-page\functions.php(6): require_once()
#1 C:\repos\f3-page\wp\wp-settings.php(672): include('C:\\repos\\f3-pag...')
#2 C:\repos\f3-page\wp\wp-config.php(104): require_once('C:\\repos\\f3-pag...')
#3 C:\repos\f3-page\wp\wp-load.php(50): require_once('C:\\repos\\f3-pag...')
#4 C:\repos\f3-page\wp\wp-blog-header.php(13): require_once('C:\\repos\\f3-pag...')
#5 C:\repos\f3-page\wp\index.php(17): require('C:\\repos\\f3-pag...')
#6 {main}
  thrown in C:\repos\f3-page\wp\wp-content\themes\f3-page\inc\global\customizer.php on line 9
[07-Jan-2025 22:14:18 UTC] PHP Warning:  Undefined variable $wp_customize in C:\repos\f3-page\wp\wp-content\themes\f3-page\inc\global\customizer.php on line 9
[07-Jan-2025 22:14:18 UTC] PHP Fatal error:  Uncaught Error: Call to a member function add_setting() on null in C:\repos\f3-page\wp\wp-content\themes\f3-page\inc\global\customizer.php:9
Stack trace:
#0 C:\repos\f3-page\wp\wp-content\themes\f3-page\functions.php(6): require_once()
#1 C:\repos\f3-page\wp\wp-settings.php(672): include('C:\\repos\\f3-pag...')
#2 C:\repos\f3-page\wp\wp-config.php(104): require_once('C:\\repos\\f3-pag...')
#3 C:\repos\f3-page\wp\wp-load.php(50): require_once('C:\\repos\\f3-pag...')
#4 C:\repos\f3-page\wp\wp-admin\admin.php(34): require_once('C:\\repos\\f3-pag...')
#5 C:\repos\f3-page\wp\wp-admin\themes.php(10): require_once('C:\\repos\\f3-pag...')
#6 {main}
  thrown in C:\repos\f3-page\wp\wp-content\themes\f3-page\inc\global\customizer.php on line 9
[07-Jan-2025 22:14:18 UTC] PHP Warning:  Undefined variable $wp_customize in C:\repos\f3-page\wp\wp-content\themes\f3-page\inc\global\customizer.php on line 9
[07-Jan-2025 22:14:18 UTC] PHP Fatal error:  Uncaught Error: Call to a member function add_setting() on null in C:\repos\f3-page\wp\wp-content\themes\f3-page\inc\global\customizer.php:9
Stack trace:
#0 C:\repos\f3-page\wp\wp-content\themes\f3-page\functions.php(6): require_once()
#1 C:\repos\f3-page\wp\wp-settings.php(672): include('C:\\repos\\f3-pag...')
#2 C:\repos\f3-page\wp\wp-config.php(104): require_once('C:\\repos\\f3-pag...')
#3 C:\repos\f3-page\wp\wp-load.php(50): require_once('C:\\repos\\f3-pag...')
#4 C:\repos\f3-page\wp\wp-blog-header.php(13): require_once('C:\\repos\\f3-pag...')
#5 C:\repos\f3-page\wp\index.php(17): require('C:\\repos\\f3-pag...')
#6 {main}
  thrown in C:\repos\f3-page\wp\wp-content\themes\f3-page\inc\global\customizer.php on line 9
[07-Jan-2025 22:14:20 UTC] PHP Warning:  Attempt to read property "title" on null in C:\repos\f3-page\wp\wp-includes\class-wp-customize-widgets.php on line 923
[07-Jan-2025 22:14:22 UTC] PHP Warning:  Undefined variable $wp_customize in C:\repos\f3-page\wp\wp-content\themes\f3-page\inc\global\customizer.php on line 9
[07-Jan-2025 22:14:22 UTC] PHP Fatal error:  Uncaught Error: Call to a member function add_setting() on null in C:\repos\f3-page\wp\wp-content\themes\f3-page\inc\global\customizer.php:9
Stack trace:
#0 C:\repos\f3-page\wp\wp-content\themes\f3-page\functions.php(6): require_once()
#1 C:\repos\f3-page\wp\wp-settings.php(672): include('C:\\repos\\f3-pag...')
#2 C:\repos\f3-page\wp\wp-config.php(104): require_once('C:\\repos\\f3-pag...')
#3 C:\repos\f3-page\wp\wp-load.php(50): require_once('C:\\repos\\f3-pag...')
#4 C:\repos\f3-page\wp\wp-blog-header.php(13): require_once('C:\\repos\\f3-pag...')
#5 C:\repos\f3-page\wp\index.php(17): require('C:\\repos\\f3-pag...')
#6 {main}
  thrown in C:\repos\f3-page\wp\wp-content\themes\f3-page\inc\global\customizer.php on line 9
[07-Jan-2025 22:14:22 UTC] PHP Warning:  Undefined variable $wp_customize in C:\repos\f3-page\wp\wp-content\themes\f3-page\inc\global\customizer.php on line 9
[07-Jan-2025 22:14:22 UTC] PHP Fatal error:  Uncaught Error: Call to a member function add_setting() on null in C:\repos\f3-page\wp\wp-content\themes\f3-page\inc\global\customizer.php:9
Stack trace:
#0 C:\repos\f3-page\wp\wp-content\themes\f3-page\functions.php(6): require_once()
#1 C:\repos\f3-page\wp\wp-settings.php(672): include('C:\\repos\\f3-pag...')
#2 C:\repos\f3-page\wp\wp-config.php(104): require_once('C:\\repos\\f3-pag...')
#3 C:\repos\f3-page\wp\wp-load.php(50): require_once('C:\\repos\\f3-pag...')
#4 C:\repos\f3-page\wp\wp-blog-header.php(13): require_once('C:\\repos\\f3-pag...')
#5 C:\repos\f3-page\wp\index.php(17): require('C:\\repos\\f3-pag...')
#6 {main}
  thrown in C:\repos\f3-page\wp\wp-content\themes\f3-page\inc\global\customizer.php on line 9
[07-Jan-2025 22:14:22 UTC] PHP Warning:  Undefined variable $wp_customize in C:\repos\f3-page\wp\wp-content\themes\f3-page\inc\global\customizer.php on line 9
[07-Jan-2025 22:14:22 UTC] PHP Fatal error:  Uncaught Error: Call to a member function add_setting() on null in C:\repos\f3-page\wp\wp-content\themes\f3-page\inc\global\customizer.php:9
Stack trace:
#0 C:\repos\f3-page\wp\wp-content\themes\f3-page\functions.php(6): require_once()
#1 C:\repos\f3-page\wp\wp-settings.php(672): include('C:\\repos\\f3-pag...')
#2 C:\repos\f3-page\wp\wp-config.php(104): require_once('C:\\repos\\f3-pag...')
#3 C:\repos\f3-page\wp\wp-load.php(50): require_once('C:\\repos\\f3-pag...')
#4 C:\repos\f3-page\wp\wp-blog-header.php(13): require_once('C:\\repos\\f3-pag...')
#5 C:\repos\f3-page\wp\index.php(17): require('C:\\repos\\f3-pag...')
#6 {main}
  thrown in C:\repos\f3-page\wp\wp-content\themes\f3-page\inc\global\customizer.php on line 9
[07-Jan-2025 22:14:22 UTC] PHP Warning:  Undefined variable $wp_customize in C:\repos\f3-page\wp\wp-content\themes\f3-page\inc\global\customizer.php on line 9
[07-Jan-2025 22:14:22 UTC] PHP Fatal error:  Uncaught Error: Call to a member function add_setting() on null in C:\repos\f3-page\wp\wp-content\themes\f3-page\inc\global\customizer.php:9
Stack trace:
#0 C:\repos\f3-page\wp\wp-content\themes\f3-page\functions.php(6): require_once()
#1 C:\repos\f3-page\wp\wp-settings.php(672): include('C:\\repos\\f3-pag...')
#2 C:\repos\f3-page\wp\wp-config.php(104): require_once('C:\\repos\\f3-pag...')
#3 C:\repos\f3-page\wp\wp-load.php(50): require_once('C:\\repos\\f3-pag...')
#4 C:\repos\f3-page\wp\wp-blog-header.php(13): require_once('C:\\repos\\f3-pag...')
#5 C:\repos\f3-page\wp\index.php(17): require('C:\\repos\\f3-pag...')
#6 {main}
  thrown in C:\repos\f3-page\wp\wp-content\themes\f3-page\inc\global\customizer.php on line 9
[07-Jan-2025 22:14:23 UTC] PHP Warning:  Undefined variable $wp_customize in C:\repos\f3-page\wp\wp-content\themes\f3-page\inc\global\customizer.php on line 9
[07-Jan-2025 22:14:23 UTC] PHP Warning:  Undefined variable $wp_customize in C:\repos\f3-page\wp\wp-content\themes\f3-page\inc\global\customizer.php on line 9
[07-Jan-2025 22:14:23 UTC] PHP Fatal error:  Uncaught Error: Call to a member function add_setting() on null in C:\repos\f3-page\wp\wp-content\themes\f3-page\inc\global\customizer.php:9
Stack trace:
#0 C:\repos\f3-page\wp\wp-content\themes\f3-page\functions.php(6): require_once()
#1 C:\repos\f3-page\wp\wp-settings.php(672): include('C:\\repos\\f3-pag...')
#2 C:\repos\f3-page\wp\wp-config.php(104): require_once('C:\\repos\\f3-pag...')
#3 C:\repos\f3-page\wp\wp-load.php(50): require_once('C:\\repos\\f3-pag...')
#4 C:\repos\f3-page\wp\wp-blog-header.php(13): require_once('C:\\repos\\f3-pag...')
#5 C:\repos\f3-page\wp\index.php(17): require('C:\\repos\\f3-pag...')
#6 {main}
  thrown in C:\repos\f3-page\wp\wp-content\themes\f3-page\inc\global\customizer.php on line 9
[07-Jan-2025 22:14:23 UTC] PHP Fatal error:  Uncaught Error: Call to a member function add_setting() on null in C:\repos\f3-page\wp\wp-content\themes\f3-page\inc\global\customizer.php:9
Stack trace:
#0 C:\repos\f3-page\wp\wp-content\themes\f3-page\functions.php(6): require_once()
#1 C:\repos\f3-page\wp\wp-settings.php(672): include('C:\\repos\\f3-pag...')
#2 C:\repos\f3-page\wp\wp-config.php(104): require_once('C:\\repos\\f3-pag...')
#3 C:\repos\f3-page\wp\wp-load.php(50): require_once('C:\\repos\\f3-pag...')
#4 C:\repos\f3-page\wp\wp-blog-header.php(13): require_once('C:\\repos\\f3-pag...')
#5 C:\repos\f3-page\wp\index.php(17): require('C:\\repos\\f3-pag...')
#6 {main}
  thrown in C:\repos\f3-page\wp\wp-content\themes\f3-page\inc\global\customizer.php on line 9
[07-Jan-2025 22:14:23 UTC] PHP Warning:  Undefined variable $wp_customize in C:\repos\f3-page\wp\wp-content\themes\f3-page\inc\global\customizer.php on line 9
[07-Jan-2025 22:14:23 UTC] PHP Fatal error:  Uncaught Error: Call to a member function add_setting() on null in C:\repos\f3-page\wp\wp-content\themes\f3-page\inc\global\customizer.php:9
Stack trace:
#0 C:\repos\f3-page\wp\wp-content\themes\f3-page\functions.php(6): require_once()
#1 C:\repos\f3-page\wp\wp-settings.php(672): include('C:\\repos\\f3-pag...')
#2 C:\repos\f3-page\wp\wp-config.php(104): require_once('C:\\repos\\f3-pag...')
#3 C:\repos\f3-page\wp\wp-load.php(50): require_once('C:\\repos\\f3-pag...')
#4 C:\repos\f3-page\wp\wp-blog-header.php(13): require_once('C:\\repos\\f3-pag...')
#5 C:\repos\f3-page\wp\index.php(17): require('C:\\repos\\f3-pag...')
#6 {main}
  thrown in C:\repos\f3-page\wp\wp-content\themes\f3-page\inc\global\customizer.php on line 9
[07-Jan-2025 22:14:23 UTC] PHP Warning:  Undefined variable $wp_customize in C:\repos\f3-page\wp\wp-content\themes\f3-page\inc\global\customizer.php on line 9
[07-Jan-2025 22:14:23 UTC] PHP Warning:  Undefined variable $wp_customize in C:\repos\f3-page\wp\wp-content\themes\f3-page\inc\global\customizer.php on line 9
[07-Jan-2025 22:14:23 UTC] PHP Fatal error:  Uncaught Error: Call to a member function add_setting() on null in C:\repos\f3-page\wp\wp-content\themes\f3-page\inc\global\customizer.php:9
Stack trace:
#0 C:\repos\f3-page\wp\wp-content\themes\f3-page\functions.php(6): require_once()
#1 C:\repos\f3-page\wp\wp-settings.php(672): include('C:\\repos\\f3-pag...')
#2 C:\repos\f3-page\wp\wp-config.php(104): require_once('C:\\repos\\f3-pag...')
#3 C:\repos\f3-page\wp\wp-load.php(50): require_once('C:\\repos\\f3-pag...')
#4 C:\repos\f3-page\wp\wp-blog-header.php(13): require_once('C:\\repos\\f3-pag...')
#5 C:\repos\f3-page\wp\index.php(17): require('C:\\repos\\f3-pag...')
#6 {main}
  thrown in C:\repos\f3-page\wp\wp-content\themes\f3-page\inc\global\customizer.php on line 9
[07-Jan-2025 22:14:23 UTC] PHP Fatal error:  Uncaught Error: Call to a member function add_setting() on null in C:\repos\f3-page\wp\wp-content\themes\f3-page\inc\global\customizer.php:9
Stack trace:
#0 C:\repos\f3-page\wp\wp-content\themes\f3-page\functions.php(6): require_once()
#1 C:\repos\f3-page\wp\wp-settings.php(672): include('C:\\repos\\f3-pag...')
#2 C:\repos\f3-page\wp\wp-config.php(104): require_once('C:\\repos\\f3-pag...')
#3 C:\repos\f3-page\wp\wp-load.php(50): require_once('C:\\repos\\f3-pag...')
#4 C:\repos\f3-page\wp\wp-blog-header.php(13): require_once('C:\\repos\\f3-pag...')
#5 C:\repos\f3-page\wp\index.php(17): require('C:\\repos\\f3-pag...')
#6 {main}
  thrown in C:\repos\f3-page\wp\wp-content\themes\f3-page\inc\global\customizer.php on line 9
[07-Jan-2025 22:14:23 UTC] PHP Warning:  Undefined variable $wp_customize in C:\repos\f3-page\wp\wp-content\themes\f3-page\inc\global\customizer.php on line 9
[07-Jan-2025 22:14:23 UTC] PHP Fatal error:  Uncaught Error: Call to a member function add_setting() on null in C:\repos\f3-page\wp\wp-content\themes\f3-page\inc\global\customizer.php:9
Stack trace:
#0 C:\repos\f3-page\wp\wp-content\themes\f3-page\functions.php(6): require_once()
#1 C:\repos\f3-page\wp\wp-settings.php(672): include('C:\\repos\\f3-pag...')
#2 C:\repos\f3-page\wp\wp-config.php(104): require_once('C:\\repos\\f3-pag...')
#3 C:\repos\f3-page\wp\wp-load.php(50): require_once('C:\\repos\\f3-pag...')
#4 C:\repos\f3-page\wp\wp-blog-header.php(13): require_once('C:\\repos\\f3-pag...')
#5 C:\repos\f3-page\wp\index.php(17): require('C:\\repos\\f3-pag...')
#6 {main}
  thrown in C:\repos\f3-page\wp\wp-content\themes\f3-page\inc\global\customizer.php on line 9
[07-Jan-2025 22:14:26 UTC] PHP Warning:  Undefined variable $wp_customize in C:\repos\f3-page\wp\wp-content\themes\f3-page\inc\global\customizer.php on line 9
[07-Jan-2025 22:14:26 UTC] PHP Fatal error:  Uncaught Error: Call to a member function add_setting() on null in C:\repos\f3-page\wp\wp-content\themes\f3-page\inc\global\customizer.php:9
Stack trace:
#0 C:\repos\f3-page\wp\wp-content\themes\f3-page\functions.php(6): require_once()
#1 C:\repos\f3-page\wp\wp-settings.php(672): include('C:\\repos\\f3-pag...')
#2 C:\repos\f3-page\wp\wp-config.php(104): require_once('C:\\repos\\f3-pag...')
#3 C:\repos\f3-page\wp\wp-load.php(50): require_once('C:\\repos\\f3-pag...')
#4 C:\repos\f3-page\wp\wp-admin\admin.php(34): require_once('C:\\repos\\f3-pag...')
#5 C:\repos\f3-page\wp\wp-admin\themes.php(10): require_once('C:\\repos\\f3-pag...')
#6 {main}
  thrown in C:\repos\f3-page\wp\wp-content\themes\f3-page\inc\global\customizer.php on line 9
[07-Jan-2025 22:14:27 UTC] PHP Warning:  Undefined variable $wp_customize in C:\repos\f3-page\wp\wp-content\themes\f3-page\inc\global\customizer.php on line 9
[07-Jan-2025 22:14:27 UTC] PHP Fatal error:  Uncaught Error: Call to a member function add_setting() on null in C:\repos\f3-page\wp\wp-content\themes\f3-page\inc\global\customizer.php:9
Stack trace:
#0 C:\repos\f3-page\wp\wp-content\themes\f3-page\functions.php(6): require_once()
#1 C:\repos\f3-page\wp\wp-settings.php(672): include('C:\\repos\\f3-pag...')
#2 C:\repos\f3-page\wp\wp-config.php(104): require_once('C:\\repos\\f3-pag...')
#3 C:\repos\f3-page\wp\wp-load.php(50): require_once('C:\\repos\\f3-pag...')
#4 C:\repos\f3-page\wp\wp-blog-header.php(13): require_once('C:\\repos\\f3-pag...')
#5 C:\repos\f3-page\wp\index.php(17): require('C:\\repos\\f3-pag...')
#6 {main}
  thrown in C:\repos\f3-page\wp\wp-content\themes\f3-page\inc\global\customizer.php on line 9
[07-Jan-2025 22:14:31 UTC] PHP Warning:  Undefined variable $wp_customize in C:\repos\f3-page\wp\wp-content\themes\f3-page\inc\global\customizer.php on line 9
[07-Jan-2025 22:14:31 UTC] PHP Fatal error:  Uncaught Error: Call to a member function add_setting() on null in C:\repos\f3-page\wp\wp-content\themes\f3-page\inc\global\customizer.php:9
Stack trace:
#0 C:\repos\f3-page\wp\wp-content\themes\f3-page\functions.php(6): require_once()
#1 C:\repos\f3-page\wp\wp-settings.php(672): include('C:\\repos\\f3-pag...')
#2 C:\repos\f3-page\wp\wp-config.php(104): require_once('C:\\repos\\f3-pag...')
#3 C:\repos\f3-page\wp\wp-load.php(50): require_once('C:\\repos\\f3-pag...')
#4 C:\repos\f3-page\wp\wp-admin\admin.php(34): require_once('C:\\repos\\f3-pag...')
#5 C:\repos\f3-page\wp\wp-admin\index.php(10): require_once('C:\\repos\\f3-pag...')
#6 {main}
  thrown in C:\repos\f3-page\wp\wp-content\themes\f3-page\inc\global\customizer.php on line 9
[07-Jan-2025 22:14:32 UTC] PHP Warning:  Undefined variable $wp_customize in C:\repos\f3-page\wp\wp-content\themes\f3-page\inc\global\customizer.php on line 9
[07-Jan-2025 22:14:32 UTC] PHP Fatal error:  Uncaught Error: Call to a member function add_setting() on null in C:\repos\f3-page\wp\wp-content\themes\f3-page\inc\global\customizer.php:9
Stack trace:
#0 C:\repos\f3-page\wp\wp-content\themes\f3-page\functions.php(6): require_once()
#1 C:\repos\f3-page\wp\wp-settings.php(672): include('C:\\repos\\f3-pag...')
#2 C:\repos\f3-page\wp\wp-config.php(104): require_once('C:\\repos\\f3-pag...')
#3 C:\repos\f3-page\wp\wp-load.php(50): require_once('C:\\repos\\f3-pag...')
#4 C:\repos\f3-page\wp\wp-blog-header.php(13): require_once('C:\\repos\\f3-pag...')
#5 C:\repos\f3-page\wp\index.php(17): require('C:\\repos\\f3-pag...')
#6 {main}
  thrown in C:\repos\f3-page\wp\wp-content\themes\f3-page\inc\global\customizer.php on line 9
[07-Jan-2025 22:57:27 UTC] PHP Parse error:  syntax error, unexpected token "," in C:\repos\f3-page\wp\wp-content\themes\f3-page\inc\global\pages.php on line 46
[07-Jan-2025 22:57:37 UTC] PHP Parse error:  syntax error, unexpected token "," in C:\repos\f3-page\wp\wp-content\themes\f3-page\inc\global\pages.php on line 46
[07-Jan-2025 22:59:36 UTC] PHP Parse error:  syntax error, unexpected token "," in C:\repos\f3-page\wp\wp-content\themes\f3-page\inc\global\pages.php on line 46
[07-Jan-2025 22:59:38 UTC] PHP Parse error:  syntax error, unexpected token "," in C:\repos\f3-page\wp\wp-content\themes\f3-page\inc\global\pages.php on line 46
[07-Jan-2025 22:59:39 UTC] PHP Parse error:  syntax error, unexpected token "," in C:\repos\f3-page\wp\wp-content\themes\f3-page\inc\global\pages.php on line 46
[07-Jan-2025 23:00:28 UTC] PHP Parse error:  syntax error, unexpected token "foreach", expecting "]" in C:\repos\f3-page\wp\wp-content\themes\f3-page\inc\global\pages.php on line 48
[07-Jan-2025 23:00:29 UTC] PHP Parse error:  syntax error, unexpected token "foreach", expecting "]" in C:\repos\f3-page\wp\wp-content\themes\f3-page\inc\global\pages.php on line 48
[07-Jan-2025 23:01:20 UTC] PHP Parse error:  syntax error, unexpected token "foreach" in C:\repos\f3-page\wp\wp-content\themes\f3-page\inc\global\pages.php on line 48
[07-Jan-2025 23:01:21 UTC] PHP Parse error:  syntax error, unexpected token "foreach" in C:\repos\f3-page\wp\wp-content\themes\f3-page\inc\global\pages.php on line 48
[07-Jan-2025 23:01:22 UTC] PHP Parse error:  syntax error, unexpected token "foreach" in C:\repos\f3-page\wp\wp-content\themes\f3-page\inc\global\pages.php on line 48
[07-Jan-2025 23:01:24 UTC] PHP Parse error:  syntax error, unexpected token "foreach" in C:\repos\f3-page\wp\wp-content\themes\f3-page\inc\global\pages.php on line 48
[07-Jan-2025 23:01:29 UTC] PHP Parse error:  syntax error, unexpected token "," in C:\repos\f3-page\wp\wp-content\themes\f3-page\inc\global\pages.php on line 46
[07-Jan-2025 23:01:30 UTC] PHP Parse error:  syntax error, unexpected token "," in C:\repos\f3-page\wp\wp-content\themes\f3-page\inc\global\pages.php on line 46
[07-Jan-2025 23:01:33 UTC] PHP Parse error:  syntax error, unexpected token "," in C:\repos\f3-page\wp\wp-content\themes\f3-page\inc\global\pages.php on line 46
[07-Jan-2025 23:01:34 UTC] PHP Parse error:  syntax error, unexpected token "," in C:\repos\f3-page\wp\wp-content\themes\f3-page\inc\global\pages.php on line 46
[09-Jan-2025 18:31:00 UTC] Automatic updates starting...
[09-Jan-2025 18:31:01 UTC] Automatic updates complete.
[12-Jan-2025 12:57:03 UTC] Automatic updates starting...
[12-Jan-2025 12:57:05 UTC] Automatic updates complete.
[05-Feb-2025 10:33:24 UTC] Automatic updates starting...
[05-Feb-2025 10:33:25 UTC]   Automatic plugin updates starting...
[05-Feb-2025 10:33:25 UTC]   Automatic plugin updates complete.
[05-Feb-2025 10:33:25 UTC] Automatic updates complete.
[26-Feb-2025 14:32:57 UTC] Automatic updates starting...
[26-Feb-2025 14:32:58 UTC]   Automatic plugin updates starting...
[26-Feb-2025 14:32:58 UTC]   Automatic plugin updates complete.
[26-Feb-2025 14:32:58 UTC]   Automatic theme updates starting...
[26-Feb-2025 14:32:58 UTC]   Automatic theme updates complete.
[26-Feb-2025 14:32:58 UTC] Automatic updates complete.
[28-Feb-2025 02:04:11 UTC] Automatic updates starting...
[28-Feb-2025 02:04:12 UTC]   Automatic plugin updates starting...
[28-Feb-2025 02:04:12 UTC]   Automatic plugin updates complete.
[28-Feb-2025 02:04:12 UTC]   Automatic theme updates starting...
[28-Feb-2025 02:04:12 UTC]   Automatic theme updates complete.
[28-Feb-2025 02:04:12 UTC] Automatic updates complete.
[28-Feb-2025 19:20:43 UTC] Automatic updates starting...
[28-Feb-2025 19:20:44 UTC]   Automatic plugin updates starting...
[28-Feb-2025 19:20:44 UTC]   Automatic plugin updates complete.
[28-Feb-2025 19:20:44 UTC]   Automatic theme updates starting...
[28-Feb-2025 19:20:44 UTC]   Automatic theme updates complete.
[28-Feb-2025 19:20:44 UTC] Automatic updates complete.
